{"uuid":"91087717-84b4-4917-a645-7ee74dfcabf6","name":"Default Suite","children":["dafa375b-ac54-48c9-b8ac-91648ef286e6","c7b21078-a6c9-4d0a-ab3b-6d3227857e9e","9a4b6174-ccf5-4466-934a-2f444fea0a7e"],"befores":[{"name":"initSuiteBase","status":"broken","statusDetails":{"known":false,"muted":false,"flaky":false,"message":"config.properties not found on test classpath","trace":"java.lang.IllegalStateException: config.properties not found on test classpath\r\n\tat com.restfulbooker.base.BaseTest.initSuiteBase(BaseTest.java:23)\r\n\tat java.base/jdk.internal.reflect.DirectMethodHandleAccessor.invoke(DirectMethodHandleAccessor.java:103)\r\n\tat java.base/java.lang.reflect.Method.invoke(Method.java:580)\r\n\tat org.testng.internal.invokers.MethodInvocationHelper.invokeMethod(MethodInvocationHelper.java:141)\r\n\tat org.testng.internal.invokers.MethodInvocationHelper.invokeMethodConsideringTimeout(MethodInvocationHelper.java:71)\r\n\tat org.testng.internal.invokers.ConfigInvoker.invokeConfigurationMethod(ConfigInvoker.java:400)\r\n\tat org.testng.internal.invokers.ConfigInvoker.invokeConfigurations(ConfigInvoker.java:333)\r\n\tat org.testng.SuiteRunner.privateRun(SuiteRunner.java:358)\r\n\tat org.testng.SuiteRunner.run(SuiteRunner.java:312)\r\n\tat org.testng.SuiteRunnerWorker.runSuite(SuiteRunnerWorker.java:52)\r\n\tat org.testng.SuiteRunnerWorker.run(SuiteRunnerWorker.java:95)\r\n\tat org.testng.TestNG.runSuitesSequentially(TestNG.java:1274)\r\n\tat org.testng.TestNG.runSuitesLocally(TestNG.java:1208)\r\n\tat org.testng.TestNG.runSuites(TestNG.java:1112)\r\n\tat org.testng.TestNG.run(TestNG.java:1079)\r\n\tat com.intellij.rt.testng.IDEARemoteTestNG.run(IDEARemoteTestNG.java:65)\r\n\tat com.intellij.rt.testng.RemoteTestNGStarter.main(RemoteTestNGStarter.java:105)\r\n"},"stage":"finished","description":"","steps":[],"attachments":[],"parameters":[],"start":1756972363586,"stop":1756972363602},{"name":"initSuiteApi","status":"broken","statusDetails":{"known":false,"muted":false,"flaky":false,"message":"config.properties not found on test classpath","trace":"java.lang.IllegalStateException: config.properties not found on test classpath\r\n\tat com.restfulbooker.base.BaseTest.initSuiteBase(BaseTest.java:23)\r\n\tat com.restfulbooker.base.ApiBaseTest.initSuiteApi(ApiBaseTest.java:13)\r\n\tat java.base/jdk.internal.reflect.DirectMethodHandleAccessor.invoke(DirectMethodHandleAccessor.java:103)\r\n\tat java.base/java.lang.reflect.Method.invoke(Method.java:580)\r\n\tat org.testng.internal.invokers.MethodInvocationHelper.invokeMethod(MethodInvocationHelper.java:141)\r\n\tat org.testng.internal.invokers.MethodInvocationHelper.invokeMethodConsideringTimeout(MethodInvocationHelper.java:71)\r\n\tat org.testng.internal.invokers.ConfigInvoker.invokeConfigurationMethod(ConfigInvoker.java:400)\r\n\tat org.testng.internal.invokers.ConfigInvoker.invokeConfigurations(ConfigInvoker.java:333)\r\n\tat org.testng.SuiteRunner.privateRun(SuiteRunner.java:358)\r\n\tat org.testng.SuiteRunner.run(SuiteRunner.java:312)\r\n\tat org.testng.SuiteRunnerWorker.runSuite(SuiteRunnerWorker.java:52)\r\n\tat org.testng.SuiteRunnerWorker.run(SuiteRunnerWorker.java:95)\r\n\tat org.testng.TestNG.runSuitesSequentially(TestNG.java:1274)\r\n\tat org.testng.TestNG.runSuitesLocally(TestNG.java:1208)\r\n\tat org.testng.TestNG.runSuites(TestNG.java:1112)\r\n\tat org.testng.TestNG.run(TestNG.java:1079)\r\n\tat com.intellij.rt.testng.IDEARemoteTestNG.run(IDEARemoteTestNG.java:65)\r\n\tat com.intellij.rt.testng.RemoteTestNGStarter.main(RemoteTestNGStarter.java:105)\r\n"},"stage":"finished","description":"","steps":[],"attachments":[],"parameters":[],"start":1756972363824,"stop":1756972363826}],"afters":[],"start":1756972363552,"stop":1756972365037}